
  0%|                                                                                                                                                                          | 0/11 [00:00<?, ?it/s]
The background image is not RGBA
The background image is not RGBA
height: tensor(-3.7050, device='cuda:0')
Aesthetic Fashion Collection Presentation/Slide2_Shape2.png
The background image is not RGBA
The background image is not RGBA
The background image is not RGBA
The background image is not RGBA
height: tensor(-5.4202, device='cuda:0')
Aesthetic Fashion Collection Presentation/Slide6_Shape2.png
The background image is not RGBA
height: tensor(-2.4983, device='cuda:0')
Aesthetic Fashion Collection Presentation/Slide7_Shape2.png
The background image is not RGBA
The background image is not RGBA
height: tensor(-6.7193, device='cuda:0')
Aesthetic Fashion Collection Presentation/Slide9_Shape2.png
height: tensor(-4.9937, device='cuda:0')
Aesthetic Fashion Collection Presentation/Slide9_Shape9.png
The background image is not RGBA
The background image is not RGBA
The background image is not RGBA
The background image is not RGBA
The background image is not RGBA
The background image is not RGBA
The background image is not RGBA
The background image is not RGBA
The background image is not RGBA
The background image is not RGBA
The background image is not RGBA
The background image is not RGBA
The background image is not RGBA
The background image is not RGBA
The background image is not RGBA
The background image is not RGBA
The background image is not RGBA
The background image is not RGBA
The background image is not RGBA
The background image is not RGBA
The background image is not RGBA
The background image is not RGBA
The background image is not RGBA
The background image is not RGBA
The background image is not RGBA
The background image is not RGBA
The background image is not RGBA
The background image is not RGBA
The background image is not RGBA
The background image is not RGBA
The background image is not RGBA
The background image is not RGBA
The background image is not RGBA
The background image is not RGBA
The background image is not RGBA
The background image is not RGBA
The background image is not RGBA
The background image is not RGBA
The background image is not RGBA
The background image is not RGBA
The background image is not RGBA
The background image is not RGBA
width: tensor(-4.5728, device='cuda:0')
Beige Minimal Creative Portfolio Presentation/Slide8_Shape14.png
The background image is not RGBA
The background image is not RGBA
The background image is not RGBA
The background image is not RGBA
The background image is not RGBA
The background image is not RGBA
The background image is not RGBA
The background image is not RGBA
The background image is not RGBA
The background image is not RGBA
The background image is not RGBA
The background image is not RGBA

  9%|██████████████▋                                                                                                                                                   | 1/11 [00:23<03:59, 23.99s/it]
The background image is not RGBA
The background image is not RGBA
The background image is not RGBA
The background image is not RGBA
The background image is not RGBA
height: tensor(-14.6011, device='cuda:0')
Black Elegant Architecture Presentation/Slide4_Shape13.png
height: tensor(-24.7247, device='cuda:0')
Black Elegant Architecture Presentation/Slide4_Shape10.png
height: tensor(-15.5293, device='cuda:0')
Black Elegant Architecture Presentation/Slide4_Shape6.png
The background image is not RGBA
The background image is not RGBA
height: tensor(-11.4847, device='cuda:0')
Black Elegant Architecture Presentation/Slide6_Shape13.png
height: tensor(-7.3259, device='cuda:0')
Black Elegant Architecture Presentation/Slide6_Shape6.png
height: tensor(-15.7573, device='cuda:0')
Black Elegant Architecture Presentation/Slide6_Shape8.png
The background image is not RGBA
The background image is not RGBA
The background image is not RGBA
height: tensor(-6.2952, device='cuda:0')
Black Elegant Architecture Presentation/Slide9_Shape11.png
The background image is not RGBA
height: tensor(-26.7875, device='cuda:0')
Black Elegant Architecture Presentation/Slide10_Shape5.png
height: tensor(-0.5937, device='cuda:0')
Black Elegant Architecture Presentation/Slide10_Shape8.png
The background image is not RGBA
The background image is not RGBA
height: tensor(-18.4774, device='cuda:0')
Black Elegant Architecture Presentation/Slide12_Shape5.png
height: tensor(-5.8710, device='cuda:0')
Black Elegant Architecture Presentation/Slide12_Shape7.png
The background image is not RGBA
The background image is not RGBA
The background image is not RGBA
The background image is not RGBA
The background image is not RGBA
The background image is not RGBA
The background image is not RGBA
The background image is not RGBA
The background image is not RGBA
The background image is not RGBA
The background image is not RGBA
The background image is not RGBA
The background image is not RGBA
height: tensor(-2.4970, device='cuda:0')
Black White Minimalist About Minimalism Presentation/Slide2_Shape7.png
The background image is not RGBA
The background image is not RGBA
The background image is not RGBA
The background image is not RGBA
The background image is not RGBA
The background image is not RGBA
The background image is not RGBA
The background image is not RGBA
The background image is not RGBA
The background image is not RGBA
The background image is not RGBA
The background image is not RGBA
The background image is not RGBA
height: tensor(-4.7046, device='cuda:0')
Black White Minimalist About Minimalism Presentation/Slide15_Shape9.png
height: tensor(-9.5566, device='cuda:0')
Black White Minimalist About Minimalism Presentation/Slide15_Shape6.png
The background image is not RGBA
The background image is not RGBA
The background image is not RGBA
The background image is not RGBA
The background image is not RGBA
The background image is not RGBA
The background image is not RGBA
The background image is not RGBA
The background image is not RGBA
The background image is not RGBA
The background image is not RGBA
The background image is not RGBA
The background image is not RGBA
The background image is not RGBA
The background image is not RGBA
The background image is not RGBA
The background image is not RGBA
The background image is not RGBA
The background image is not RGBA
The background image is not RGBA
The background image is not RGBA
The background image is not RGBA
The background image is not RGBA
The background image is not RGBA

 18%|█████████████████████████████▍                                                                                                                                    | 2/11 [00:40<02:56, 19.58s/it]
The background image is not RGBA
The background image is not RGBA
The background image is not RGBA
The background image is not RGBA
The background image is not RGBA
The background image is not RGBA
The background image is not RGBA
The background image is not RGBA
The background image is not RGBA
The background image is not RGBA
The background image is not RGBA
The background image is not RGBA
The background image is not RGBA
The background image is not RGBA
The background image is not RGBA
The background image is not RGBA
The background image is not RGBA
The background image is not RGBA
The background image is not RGBA
The background image is not RGBA
The background image is not RGBA
The background image is not RGBA
The background image is not RGBA
The background image is not RGBA
The background image is not RGBA
The background image is not RGBA
The background image is not RGBA
The background image is not RGBA
The background image is not RGBA
The background image is not RGBA
The background image is not RGBA
The background image is not RGBA
The background image is not RGBA
The background image is not RGBA
The background image is not RGBA
The background image is not RGBA
The background image is not RGBA
The background image is not RGBA
The background image is not RGBA
The background image is not RGBA
The background image is not RGBA
The background image is not RGBA
The background image is not RGBA
The background image is not RGBA
The background image is not RGBA
The background image is not RGBA
The background image is not RGBA
The background image is not RGBA
The background image is not RGBA
The background image is not RGBA
The background image is not RGBA
height: tensor(-7.3963, device='cuda:0')
Blue Neutral & Minimalist Travel Agency Presentation/Slide3_Shape13.png
height: tensor(-2.2922, device='cuda:0')
Blue Neutral & Minimalist Travel Agency Presentation/Slide3_Shape12.png
height: tensor(-1.3694, device='cuda:0')
Blue Neutral & Minimalist Travel Agency Presentation/Slide3_Shape11.png
height: tensor(-0.9441, device='cuda:0')
Blue Neutral & Minimalist Travel Agency Presentation/Slide3_Shape10.png
height: tensor(-5.8752, device='cuda:0')
Blue Neutral & Minimalist Travel Agency Presentation/Slide3_Shape14.png
height: tensor(-14.4950, device='cuda:0')
Blue Neutral & Minimalist Travel Agency Presentation/Slide3_Shape8.png
height: tensor(-6.2780, device='cuda:0')
Blue Neutral & Minimalist Travel Agency Presentation/Slide3_Shape9.png
The background image is not RGBA
The background image is not RGBA
The background image is not RGBA
height: tensor(-1.0993, device='cuda:0')
Blue Neutral & Minimalist Travel Agency Presentation/Slide6_Shape6.png
The background image is not RGBA
The background image is not RGBA
width: tensor(-3.5347, device='cuda:0')
Blue Neutral & Minimalist Travel Agency Presentation/Slide8_Shape2.png
The background image is not RGBA
The background image is not RGBA

 27%|████████████████████████████████████████████▏                                                                                                                     | 3/11 [00:53<02:11, 16.42s/it]
The background image is not RGBA
The background image is not RGBA
The background image is not RGBA
The background image is not RGBA
The background image is not RGBA
The background image is not RGBA
width: tensor(-16.2460, device='cuda:0')
Blue Neutral & Minimalist Travel Agency Presentation/Slide17_Shape2.png
The background image is not RGBA
The background image is not RGBA
The background image is not RGBA
height: tensor(-2.3229, device='cuda:0')
Blue White Business Pitch Deck Presentation/Slide3_Shape2.png
The background image is not RGBA
The background image is not RGBA
The background image is not RGBA
height: tensor(-3.0748, device='cuda:0')
Blue White Business Pitch Deck Presentation/Slide6_Shape4.png
height: tensor(0.0305, device='cuda:0')
Blue White Business Pitch Deck Presentation/Slide6_Shape6.png
width: tensor(-28.3941, device='cuda:0')
Blue White Business Pitch Deck Presentation/Slide6_Shape2.png
height: tensor(-2.4782, device='cuda:0')
Blue White Business Pitch Deck Presentation/Slide6_Shape2.png
width: tensor(-12.5587, device='cuda:0')
Blue White Business Pitch Deck Presentation/Slide6_Shape3.png
width: tensor(-15.2030, device='cuda:0')
Blue White Business Pitch Deck Presentation/Slide6_Shape5.png
The background image is not RGBA
The background image is not RGBA
The background image is not RGBA
The background image is not RGBA
The background image is not RGBA
The background image is not RGBA
The background image is not RGBA
The background image is not RGBA
The background image is not RGBA
The background image is not RGBA
The background image is not RGBA
The background image is not RGBA
The background image is not RGBA
The background image is not RGBA
The background image is not RGBA
The background image is not RGBA
The background image is not RGBA
The background image is not RGBA
The background image is not RGBA
width: tensor(-23.8936, device='cuda:0')
Blue White Digitalism Basic Simple Presentation/Slide12_Shape7.png
The background image is not RGBA
The background image is not RGBA
The background image is not RGBA
The background image is not RGBA
The background image is not RGBA
The background image is not RGBA
The background image is not RGBA
The background image is not RGBA
 27%|████████████████████████████████████████████▏                                                                                                                     | 3/11 [00:53<02:11, 16.42s/it]Exception ignored in: <function _MultiProcessingDataLoaderIter.__del__ at 0x7fbf9ddf7e50>
Traceback (most recent call last):
  File "/home/sehwan/anaconda3/envs/CAL/lib/python3.9/site-packages/torch/utils/data/dataloader.py", line 1479, in __del__
    self._shutdown_workers()
  File "/home/sehwan/anaconda3/envs/CAL/lib/python3.9/site-packages/torch/utils/data/dataloader.py", line 1443, in _shutdown_workers
    w.join(timeout=_utils.MP_STATUS_CHECK_INTERVAL)
  File "/home/sehwan/anaconda3/envs/CAL/lib/python3.9/multiprocessing/process.py", line 149, in join
    res = self._popen.wait(timeout)
  File "/home/sehwan/anaconda3/envs/CAL/lib/python3.9/multiprocessing/popen_fork.py", line 40, in wait
    if not wait([self.sentinel], timeout):
  File "/home/sehwan/anaconda3/envs/CAL/lib/python3.9/multiprocessing/connection.py", line 931, in wait
    ready = selector.select(timeout)
  File "/home/sehwan/anaconda3/envs/CAL/lib/python3.9/selectors.py", line 416, in select
    fd_event_list = self._selector.poll(timeout)
KeyboardInterrupt:
 27%|████████████████████████████████████████████▏                                                                                                                     | 3/11 [01:03<02:49, 21.14s/it]
Traceback (most recent call last):
  File "/home/sehwan/anaconda3/envs/CAL/lib/python3.9/site-packages/PIL/ImageFile.py", line 536, in _save
    fh = fp.fileno()
AttributeError: '_idat' object has no attribute 'fileno'
During handling of the above exception, another exception occurred:
Traceback (most recent call last):
  File "/home/sehwan/MIIL/CA-layout-generation/dlt/inference.py", line 275, in <module>
    app.run(main)
  File "/home/sehwan/anaconda3/envs/CAL/lib/python3.9/site-packages/absl/app.py", line 308, in run
    _run_main(main, args)
  File "/home/sehwan/anaconda3/envs/CAL/lib/python3.9/site-packages/absl/app.py", line 254, in _run_main
    sys.exit(main(argv))
  File "/home/sehwan/MIIL/CA-layout-generation/dlt/inference.py", line 202, in main
    collage.save(save_file_name)
  File "/home/sehwan/anaconda3/envs/CAL/lib/python3.9/site-packages/PIL/Image.py", line 2439, in save
    save_handler(self, fp, filename)
  File "/home/sehwan/anaconda3/envs/CAL/lib/python3.9/site-packages/PIL/PngImagePlugin.py", line 1402, in _save
    ImageFile._save(im, _idat(fp, chunk), [("zip", (0, 0) + im.size, 0, rawmode)])
  File "/home/sehwan/anaconda3/envs/CAL/lib/python3.9/site-packages/PIL/ImageFile.py", line 540, in _save
    _encode_tile(im, fp, tile, bufsize, None, exc)
  File "/home/sehwan/anaconda3/envs/CAL/lib/python3.9/site-packages/PIL/ImageFile.py", line 559, in _encode_tile
    errcode, data = encoder.encode(bufsize)[1:]
KeyboardInterrupt
The background image is not RGBA
The background image is not RGBA
The background image is not RGBA