
  0%|                                                                                                                                                                                                                               | 0/11 [00:00<?, ?it/s]
#########################################
real_geometry:  tensor([[[0.5000, 0.6170, 0.9667, 0.7056],
         [0.8113, 0.7927, 0.2750, 0.0657],
         [0.1887, 0.7927, 0.2750, 0.0657],
         ...,
         [0.0000, 0.0000, 0.0000, 0.0000],
         [0.0000, 0.0000, 0.0000, 0.0000],
         [0.0000, 0.0000, 0.0000, 0.0000]],
        [[0.4809, 0.2419, 1.0391, 0.7056],
         [0.8113, 0.8972, 0.2750, 0.0657],
         [0.6944, 0.5000, 0.2594, 0.6593],
         ...,
         [0.0000, 0.0000, 0.0000, 0.0000],
         [0.0000, 0.0000, 0.0000, 0.0000],
         [0.0000, 0.0000, 0.0000, 0.0000]],
        [[0.7198, 0.5009, 0.3568, 0.0028],
         [0.2109, 0.4413, 0.3750, 0.2454],
         [0.4816, 0.2370, 1.0740, 0.6898],
         ...,
         [0.0000, 0.0000, 0.0000, 0.0000],
         [0.0000, 0.0000, 0.0000, 0.0000],
         [0.0000, 0.0000, 0.0000, 0.0000]],
        ...,
        [[0.5000, 0.1338, 0.5562, 0.0778],
         [0.5000, 0.4349, 0.7177, 0.3648],
         [0.0156, 1.1045, 0.6687, 1.9352],
         ...,
         [0.0000, 0.0000, 0.0000, 0.0000],
         [0.0000, 0.0000, 0.0000, 0.0000],
         [0.0000, 0.0000, 0.0000, 0.0000]],
        [[0.3960, 0.1360, 0.6031, 0.1065],
         [0.3669, 0.5473, 0.1755, 0.2046],
         [0.6175, 0.2970, 0.1641, 0.0657],
         ...,
         [0.8597, 0.1369, 0.1682, 0.0806],
         [0.2600, 0.4301, 0.1198, 0.0213],
         [0.8616, 0.5473, 0.1641, 0.0657]],
        [[0.8597, 0.1369, 0.1682, 0.0806],
         [0.6755, 0.5653, 0.5370, 0.6694],
         [0.5000, 0.3789, 0.0240, 0.0454],
         ...,
         [0.0000, 0.0000, 0.0000, 0.0000],
         [0.0000, 0.0000, 0.0000, 0.0000],
         [0.0000, 0.0000, 0.0000, 0.0000]]], device='cuda:0')
pred_geometry:  tensor([[[  2188.8386,  -2918.5654,   -841.8803,  -5000.0137],
         [  -208.9567,   4165.2783,  -6389.5732,  10407.9336],
         [  1162.4932,   2345.2412,   6792.6406,  -6595.9751],
         ...,
         [     0.0000,      0.0000,     -0.0000,      0.0000],
         [     0.0000,      0.0000,     -0.0000,      0.0000],
         [     0.0000,      0.0000,     -0.0000,      0.0000]],
        [[  3163.0913,   -193.3434,  -2616.8059,   6334.0039],
         [  1949.3483,   1252.1223,   -419.8172,   6357.1484],
         [  2633.1729,  -3667.6973,   6620.4897,  -2543.2283],
         ...,
         [     0.0000,      0.0000,      0.0000,      0.0000],
         [     0.0000,      0.0000,      0.0000,      0.0000],
         [     0.0000,      0.0000,      0.0000,      0.0000]],
        [[ -8687.7617,   1458.5861,  -2347.7219,  -3017.4609],
         [ -2319.8140,   5485.4731,  -6726.0957,    509.6728],
         [    84.3131,   3055.7314,  -7417.8164,  -3351.2144],
         ...,
         [     0.0000,      0.0000,     -0.0000,      0.0000],
         [     0.0000,      0.0000,     -0.0000,      0.0000],
         [     0.0000,      0.0000,     -0.0000,     -0.0000]],
        ...,
        [[  1693.9722,  -1586.5758,  -1378.3624,  -5433.6147],
         [  2956.0479,   2605.5205,   -557.8802,   1691.2729],
         [  3610.1418,   5956.9360,  -4873.8721,  -2284.1023],
         ...,
         [     0.0000,     -0.0000,     -0.0000,      0.0000],
         [     0.0000,     -0.0000,     -0.0000,      0.0000],
         [     0.0000,      0.0000,     -0.0000,      0.0000]],
        [[  -590.9101,   1802.4222, -24138.2812,    179.4412],
         [  1038.1880,   4147.5444,  -8148.0894,  -9266.5850],
         [  3130.1863,   -957.1586,  -1289.6825,  -1210.5957],
         ...,
         [  3364.0488,   -710.7585,  -1085.3287,  -7108.1621],
         [  3723.8386,   5781.9263,  -8220.5137,   9770.3398],
         [   882.4731,   7821.2339, -13324.3672, -12950.7510]],
        [[ -2144.1663,   6402.0571,  -7349.7051,  -8328.4805],
         [ -5659.9556,   2491.2622, -12079.6611,  11950.7070],
         [  1682.8308,  -3659.6846, -10037.3574,   3227.7065],
         ...,
         [    -0.0000,      0.0000,     -0.0000,      0.0000],
         [    -0.0000,      0.0000,     -0.0000,      0.0000],
         [     0.0000,      0.0000,     -0.0000,      0.0000]]],
       device='cuda:0')
  0%|                                                                                                                                                                                                                               | 0/11 [00:31<?, ?it/s]
Traceback (most recent call last):
  File "/home/sehwan/anaconda3/envs/CAL/lib/python3.9/site-packages/PIL/ImageFile.py", line 536, in _save
    fh = fp.fileno()
AttributeError: '_idat' object has no attribute 'fileno'
During handling of the above exception, another exception occurred:
Traceback (most recent call last):
  File "/home/sehwan/MIIL/CAL-Refactoring/dlt/inference.py", line 147, in <module>
    main()
  File "/home/sehwan/MIIL/CAL-Refactoring/dlt/inference.py", line 121, in main
    collage.save(save_file_name)
  File "/home/sehwan/anaconda3/envs/CAL/lib/python3.9/site-packages/PIL/Image.py", line 2439, in save
    save_handler(self, fp, filename)
  File "/home/sehwan/anaconda3/envs/CAL/lib/python3.9/site-packages/PIL/PngImagePlugin.py", line 1402, in _save
    ImageFile._save(im, _idat(fp, chunk), [("zip", (0, 0) + im.size, 0, rawmode)])
  File "/home/sehwan/anaconda3/envs/CAL/lib/python3.9/site-packages/PIL/ImageFile.py", line 540, in _save
    _encode_tile(im, fp, tile, bufsize, None, exc)
  File "/home/sehwan/anaconda3/envs/CAL/lib/python3.9/site-packages/PIL/ImageFile.py", line 559, in _encode_tile
    errcode, data = encoder.encode(bufsize)[1:]
KeyboardInterrupt